<?xml version="1.0" encoding="UTF-8"?>
<testsuite name="org.example.SumCalculatorTests" tests="1" skipped="0" failures="0" errors="0" timestamp="2024-11-02T16:03:19" hostname="DESKTOP-E6LSQ78" time="0.029">
  <properties/>
  <testcase name="testThatSumWorksCorrect()" classname="org.example.SumCalculatorTests" time="0.029"/>
  <system-out><![CDATA[]]></system-out>
  <system-err><![CDATA[]]></system-err>
</testsuite>
