<?xml version="1.0" encoding="UTF-8"?>
<testsuite name="org.example.SumCalculatorTests" tests="3" skipped="0" failures="0" errors="0" timestamp="2024-11-02T18:44:51" hostname="DESKTOP-E6LSQ78" time="0.04">
  <properties/>
  <testcase name="testThatSumOneWorksCorrect()" classname="org.example.SumCalculatorTests" time="0.034"/>
  <testcase name="testThatSumZeroWorksCorrect()" classname="org.example.SumCalculatorTests" time="0.003"/>
  <testcase name="testThatSumThreeWorksCorrect()" classname="org.example.SumCalculatorTests" time="0.001"/>
  <system-out><![CDATA[]]></system-out>
  <system-err><![CDATA[]]></system-err>
</testsuite>
